Using pre-set license
Built from '2020.3/staging' branch; Version is '2020.3.26f1 (7298b473bc1a) revision 7510196'; Using compiler version '192528614'; Build Type 'Release'
OS: 'Windows 11  (10.0.22000) 64bit Professional' Language: 'en' Physical Memory: 16223 MB
BatchMode: 1, IsHumanControllingUs: 0, StartBugReporterOnCrash: 0, Is64bit: 1, IsPro: 0

COMMAND LINE ARGUMENTS:
C:\Program Files\Unity\Hub\Editor\2020.3.26f1\Editor\Unity.exe
-adb2
-batchMode
-noUpm
-name
AssetImportWorker0
-projectPath
C:/Users/irzum/unity/sproj
-logFile
Logs/AssetImportWorker0.log
-srvPort
63237
Successfully changed project path to: C:/Users/irzum/unity/sproj
C:/Users/irzum/unity/sproj
Using Asset Import Pipeline V2.
Refreshing native plugins compatible for Editor in 120.58 ms, found 3 plugins.
Preloading 0 native plugins for Editor in 0.00 ms.
Initialize engine version: 2020.3.26f1 (7298b473bc1a)
[Subsystems] Discovering subsystems at path C:/Program Files/Unity/Hub/Editor/2020.3.26f1/Editor/Data/Resources/UnitySubsystems
[Subsystems] Discovering subsystems at path C:/Users/irzum/unity/sproj/Assets
GfxDevice: creating device client; threaded=0
Direct3D:
    Version:  Direct3D 11.0 [level 11.1]
    Renderer: Intel(R) HD Graphics 620 (ID=0x5916)
    Vendor:   
    VRAM:     8111 MB
    Driver:   30.0.101.1191
Initialize mono
Mono path[0] = 'C:/Program Files/Unity/Hub/Editor/2020.3.26f1/Editor/Data/Managed'
Mono path[1] = 'C:/Program Files/Unity/Hub/Editor/2020.3.26f1/Editor/Data/MonoBleedingEdge/lib/mono/unityjit'
Mono config path = 'C:/Program Files/Unity/Hub/Editor/2020.3.26f1/Editor/Data/MonoBleedingEdge/etc'
Using monoOptions --debugger-agent=transport=dt_socket,embedding=1,server=y,suspend=n,address=127.0.0.1:56352
Begin MonoManager ReloadAssembly
Registering precompiled unity dll's ...
Register platform support module: C:/Program Files/Unity/Hub/Editor/2020.3.26f1/Editor/Data/PlaybackEngines/WebGLSupport/UnityEditor.WebGL.Extensions.dll
Register platform support module: C:/Program Files/Unity/Hub/Editor/2020.3.26f1/Editor/Data/PlaybackEngines/WindowsStandaloneSupport/UnityEditor.WindowsStandalone.Extensions.dll
Registered in 0.003631 seconds.
Native extension for WindowsStandalone target not found
Native extension for WebGL target not found
Refreshing native plugins compatible for Editor in 62.93 ms, found 3 plugins.
Preloading 0 native plugins for Editor in 0.00 ms.
Mono: successfully reloaded assembly
- Completed reload, in  2.369 seconds
Domain Reload Profiling:
	ReloadAssembly (2369ms)
		BeginReloadAssembly (135ms)
			ExecutionOrderSort (0ms)
			DisableScriptedObjects (0ms)
			BackupInstance (0ms)
			ReleaseScriptingObjects (0ms)
			CreateAndSetChildDomain (2ms)
		EndReloadAssembly (2066ms)
			LoadAssemblies (131ms)
			RebuildTransferFunctionScriptingTraits (0ms)
			SetupTypeCache (419ms)
			ReleaseScriptCaches (0ms)
			RebuildScriptCaches (317ms)
			SetupLoadedEditorAssemblies (571ms)
				LogAssemblyErrors (0ms)
				InitializePlatformSupportModulesInManaged (7ms)
				SetLoadedEditorAssemblies (0ms)
				RefreshPlugins (63ms)
				BeforeProcessingInitializeOnLoad (119ms)
				ProcessInitializeOnLoadAttributes (234ms)
				ProcessInitializeOnLoadMethodAttributes (148ms)
				AfterProcessingInitializeOnLoad (0ms)
				EditorAssembliesLoaded (0ms)
			ExecutionOrderSort2 (0ms)
			AwakeInstancesAfterBackupRestoration (0ms)
Platform modules already initialized, skipping
Registering precompiled user dll's ...
Registered in 0.011123 seconds.
Begin MonoManager ReloadAssembly
Native extension for WindowsStandalone target not found
Native extension for WebGL target not found
Refreshing native plugins compatible for Editor in 110.23 ms, found 3 plugins.
Preloading 0 native plugins for Editor in 0.00 ms.
Mono: successfully reloaded assembly
- Completed reload, in  2.381 seconds
Domain Reload Profiling:
	ReloadAssembly (2382ms)
		BeginReloadAssembly (207ms)
			ExecutionOrderSort (0ms)
			DisableScriptedObjects (7ms)
			BackupInstance (0ms)
			ReleaseScriptingObjects (0ms)
			CreateAndSetChildDomain (26ms)
		EndReloadAssembly (2053ms)
			LoadAssemblies (128ms)
			RebuildTransferFunctionScriptingTraits (0ms)
			SetupTypeCache (824ms)
			ReleaseScriptCaches (1ms)
			RebuildScriptCaches (119ms)
			SetupLoadedEditorAssemblies (577ms)
				LogAssemblyErrors (0ms)
				InitializePlatformSupportModulesInManaged (15ms)
				SetLoadedEditorAssemblies (0ms)
				RefreshPlugins (110ms)
				BeforeProcessingInitializeOnLoad (96ms)
				ProcessInitializeOnLoadAttributes (302ms)
				ProcessInitializeOnLoadMethodAttributes (47ms)
				AfterProcessingInitializeOnLoad (6ms)
				EditorAssembliesLoaded (0ms)
			ExecutionOrderSort2 (0ms)
			AwakeInstancesAfterBackupRestoration (11ms)
Platform modules already initialized, skipping
========================================================================
Worker process is ready to serve import requests
Launched and connected shader compiler UnityShaderCompiler.exe after 0.25 seconds
Refreshing native plugins compatible for Editor in 1.07 ms, found 3 plugins.
Preloading 0 native plugins for Editor in 0.00 ms.
Unloading 2230 Unused Serialized files (Serialized files now loaded: 0)
System memory in use before: 96.9 MB.
System memory in use after: 96.9 MB.

Unloading 28 unused Assets to reduce memory usage. Loaded Objects now: 2664.
Total: 10.003200 ms (FindLiveObjects: 0.346100 ms CreateObjectMapping: 0.237500 ms MarkObjects: 9.238500 ms  DeleteObjects: 0.177900 ms)

AssetImportParameters requested are different than current active one (requested -> active):
  custom:framework-win-MediaFoundation: 216162199b28c13a410421893ffa2e32 -> 
  custom:video-decoder-ogg-theora: a1e56fd34408186e4bbccfd4996cb3dc -> 
  custom:container-muxer-webm: aa71ff27fc2769a1b78a27578f13a17b -> 
  custom:container-demuxer-webm: 4f35f7cbe854078d1ac9338744f61a02 -> 
  custom:container-demuxer-ogg: 62fdf1f143b41e24485cea50d1cbac27 -> 
  custom:video-encoder-webm-vp8: eb34c28f22e8b96e1ab97ce403110664 -> 
  custom:video-decoder-webm-vp8: 9c59270c3fd7afecdb556c50c9e8de78 -> 
  custom:audio-decoder-ogg-vorbis: bf7c407c2cedff20999df2af8eb42d56 -> 
  custom:audio-encoder-webm-vorbis: bf7c407c2cedff20999df2af8eb42d56 -> 
========================================================================
Received Import Request.
  path: Assets/xNode/baseNode.cs
  artifactKey: Guid(73fdfc981d13f2f4b9bddcceca8de4fb) Importer(815301076,1909f56bfc062723c751e8b465ee728b)
Start importing Assets/xNode/baseNode.cs using Guid(73fdfc981d13f2f4b9bddcceca8de4fb) Importer(815301076,1909f56bfc062723c751e8b465ee728b)  -> (artifact id: '5f883e1e0e618c5f7d3dcfc4262c922e') in 0.127146 seconds 
  Import took 0.137910 seconds .

========================================================================
Received Import Request.
  Time since last request: 84.134671 seconds.
  path: Assets/xNode/nodeParser.cs
  artifactKey: Guid(83d5584248641fa47b5f07fed99cca35) Importer(815301076,1909f56bfc062723c751e8b465ee728b)
Start importing Assets/xNode/nodeParser.cs using Guid(83d5584248641fa47b5f07fed99cca35) Importer(815301076,1909f56bfc062723c751e8b465ee728b)  -> (artifact id: 'e489c14140cb8a802b147882dad21443') in 0.052835 seconds 
  Import took 0.079852 seconds .

========================================================================
Received Import Request.
  Time since last request: 698.861986 seconds.
  path: Assets/xNode/nodeParser.cs
  artifactKey: Guid(83d5584248641fa47b5f07fed99cca35) Importer(815301076,1909f56bfc062723c751e8b465ee728b)
Start importing Assets/xNode/nodeParser.cs using Guid(83d5584248641fa47b5f07fed99cca35) Importer(815301076,1909f56bfc062723c751e8b465ee728b)  -> (artifact id: '7da8ea33307b3b1e59dc8be4833431d8') in 0.012444 seconds 
  Import took 0.031893 seconds .

========================================================================
Received Import Request.
  Time since last request: 272.177858 seconds.
  path: Assets/xNode/nodeParser.cs
  artifactKey: Guid(83d5584248641fa47b5f07fed99cca35) Importer(815301076,1909f56bfc062723c751e8b465ee728b)
Start importing Assets/xNode/nodeParser.cs using Guid(83d5584248641fa47b5f07fed99cca35) Importer(815301076,1909f56bfc062723c751e8b465ee728b)  -> (artifact id: 'a69715f193d1f4f8160610d5a234734e') in 0.031759 seconds 
  Import took 0.056740 seconds .

========================================================================
Received Import Request.
  Time since last request: 23.157563 seconds.
  path: Assets/xNode/dialogueNode.cs
  artifactKey: Guid(b1a5aa2e0ee364d4385006f88c024b63) Importer(815301076,1909f56bfc062723c751e8b465ee728b)
Start importing Assets/xNode/dialogueNode.cs using Guid(b1a5aa2e0ee364d4385006f88c024b63) Importer(815301076,1909f56bfc062723c751e8b465ee728b)  -> (artifact id: 'fad1b9450e48527c47c23f9aeb24df24') in 0.103294 seconds 
  Import took 0.129670 seconds .

========================================================================
Received Import Request.
  Time since last request: 2.835105 seconds.
  path: Assets/Scripts/nodeParser.cs
  artifactKey: Guid(e4ac2f21b3405724dbb2e394a4271a14) Importer(815301076,1909f56bfc062723c751e8b465ee728b)
Start importing Assets/Scripts/nodeParser.cs using Guid(e4ac2f21b3405724dbb2e394a4271a14) Importer(815301076,1909f56bfc062723c751e8b465ee728b)  -> (artifact id: '8693fd03e36035866db8d0d5c2099293') in 0.054528 seconds 
  Import took 0.087365 seconds .

========================================================================
Received Import Request.
  Time since last request: 167.412638 seconds.
  path: Assets/Scripts/nodeParser.cs
  artifactKey: Guid(83d5584248641fa47b5f07fed99cca35) Importer(815301076,1909f56bfc062723c751e8b465ee728b)
Start importing Assets/Scripts/nodeParser.cs using Guid(83d5584248641fa47b5f07fed99cca35) Importer(815301076,1909f56bfc062723c751e8b465ee728b)  -> (artifact id: 'ca40f4acfe5f74590b007e8311dc5d7e') in 0.020865 seconds 
  Import took 0.079556 seconds .

========================================================================
Received Import Request.
  Time since last request: 74.295134 seconds.
  path: Assets/xNode/dialogueGraph.txt
  artifactKey: Guid(7e4485f31ae282248b2ffaf3c24048c5) Importer(815301076,1909f56bfc062723c751e8b465ee728b)
Start importing Assets/xNode/dialogueGraph.txt using Guid(7e4485f31ae282248b2ffaf3c24048c5) Importer(815301076,1909f56bfc062723c751e8b465ee728b)  -> (artifact id: 'f409939a3e2fee9ca7273ae639a600d3') in 0.286957 seconds 
  Import took 0.319507 seconds .

========================================================================
Received Import Request.
  Time since last request: 10.049546 seconds.
  path: Assets/xNode/dialogueGraph.cs
  artifactKey: Guid(1a62c8f2d88580942a228fdf96834e44) Importer(815301076,1909f56bfc062723c751e8b465ee728b)
Start importing Assets/xNode/dialogueGraph.cs using Guid(1a62c8f2d88580942a228fdf96834e44) Importer(815301076,1909f56bfc062723c751e8b465ee728b)  -> (artifact id: '685640ba4d212a94a116998ff8c9dd3e') in 0.064019 seconds 
  Import took 0.081571 seconds .

========================================================================
Received Import Request.
  Time since last request: 26.631207 seconds.
  path: Assets/xNode/dialogueGraph.cs
  artifactKey: Guid(1a62c8f2d88580942a228fdf96834e44) Importer(815301076,1909f56bfc062723c751e8b465ee728b)
Start importing Assets/xNode/dialogueGraph.cs using Guid(1a62c8f2d88580942a228fdf96834e44) Importer(815301076,1909f56bfc062723c751e8b465ee728b)  -> (artifact id: 'e7326cd4fc96cdde1b275c56eeb2443d') in 0.046459 seconds 
  Import took 0.083118 seconds .

========================================================================
Received Prepare
Registering precompiled user dll's ...
Registered in 0.004934 seconds.
Begin MonoManager ReloadAssembly
Native extension for WindowsStandalone target not found
Native extension for WebGL target not found
Refreshing native plugins compatible for Editor in 0.77 ms, found 3 plugins.
Preloading 0 native plugins for Editor in 0.00 ms.
Mono: successfully reloaded assembly
- Completed reload, in  2.250 seconds
Domain Reload Profiling:
	ReloadAssembly (2252ms)
		BeginReloadAssembly (196ms)
			ExecutionOrderSort (0ms)
			DisableScriptedObjects (13ms)
			BackupInstance (0ms)
			ReleaseScriptingObjects (0ms)
			CreateAndSetChildDomain (81ms)
		EndReloadAssembly (1933ms)
			LoadAssemblies (165ms)
			RebuildTransferFunctionScriptingTraits (0ms)
			SetupTypeCache (734ms)
			ReleaseScriptCaches (1ms)
			RebuildScriptCaches (100ms)
			SetupLoadedEditorAssemblies (686ms)
				LogAssemblyErrors (0ms)
				InitializePlatformSupportModulesInManaged (11ms)
				SetLoadedEditorAssemblies (1ms)
				RefreshPlugins (1ms)
				BeforeProcessingInitializeOnLoad (122ms)
				ProcessInitializeOnLoadAttributes (504ms)
				ProcessInitializeOnLoadMethodAttributes (38ms)
				AfterProcessingInitializeOnLoad (9ms)
				EditorAssembliesLoaded (0ms)
			ExecutionOrderSort2 (0ms)
			AwakeInstancesAfterBackupRestoration (18ms)
Platform modules already initialized, skipping
Refreshing native plugins compatible for Editor in 0.57 ms, found 3 plugins.
Preloading 0 native plugins for Editor in 0.00 ms.
Unloading 2220 Unused Serialized files (Serialized files now loaded: 0)
System memory in use before: 96.3 MB.
System memory in use after: 96.4 MB.

Unloading 18 unused Assets to reduce memory usage. Loaded Objects now: 2667.
Total: 4.410100 ms (FindLiveObjects: 0.216900 ms CreateObjectMapping: 0.107600 ms MarkObjects: 4.042700 ms  DeleteObjects: 0.041400 ms)

AssetImportParameters requested are different than current active one (requested -> active):
  custom:framework-win-MediaFoundation: 216162199b28c13a410421893ffa2e32 -> 
  custom:video-decoder-ogg-theora: a1e56fd34408186e4bbccfd4996cb3dc -> 
  custom:container-muxer-webm: aa71ff27fc2769a1b78a27578f13a17b -> 
  custom:container-demuxer-webm: 4f35f7cbe854078d1ac9338744f61a02 -> 
  custom:container-demuxer-ogg: 62fdf1f143b41e24485cea50d1cbac27 -> 
  custom:video-encoder-webm-vp8: eb34c28f22e8b96e1ab97ce403110664 -> 
  custom:video-decoder-webm-vp8: 9c59270c3fd7afecdb556c50c9e8de78 -> 
  custom:audio-decoder-ogg-vorbis: bf7c407c2cedff20999df2af8eb42d56 -> 
  custom:audio-encoder-webm-vorbis: bf7c407c2cedff20999df2af8eb42d56 -> 
========================================================================
Received Import Request.
  Time since last request: 865.425157 seconds.
  path: Assets/New Dialogue Graph.asset
  artifactKey: Guid(0cdaa08bfe3f5af4ebe93ad1f3d3560b) Importer(815301076,1909f56bfc062723c751e8b465ee728b)
Start importing Assets/New Dialogue Graph.asset using Guid(0cdaa08bfe3f5af4ebe93ad1f3d3560b) Importer(815301076,1909f56bfc062723c751e8b465ee728b)  -> (artifact id: '837f75d983dd090d04287ac4f7b7541f') in 0.043364 seconds 
  Import took 0.053052 seconds .

========================================================================
Received Import Request.
  Time since last request: 17.371608 seconds.
  path: Assets/xNode/New Dialogue Graph.asset
  artifactKey: Guid(b2c836d47be66fc4a8de4dd81c0dd3c8) Importer(815301076,1909f56bfc062723c751e8b465ee728b)
Start importing Assets/xNode/New Dialogue Graph.asset using Guid(b2c836d47be66fc4a8de4dd81c0dd3c8) Importer(815301076,1909f56bfc062723c751e8b465ee728b)  -> (artifact id: '472ad8e2ec966d7e60288aed989fa03f') in 0.009886 seconds 
  Import took 0.027807 seconds .

========================================================================
Received Import Request.
  Time since last request: 6.534774 seconds.
  path: Assets/xNode/New Dialogue Graph.asset
  artifactKey: Guid(b2c836d47be66fc4a8de4dd81c0dd3c8) Importer(815301076,1909f56bfc062723c751e8b465ee728b)
Start importing Assets/xNode/New Dialogue Graph.asset using Guid(b2c836d47be66fc4a8de4dd81c0dd3c8) Importer(815301076,1909f56bfc062723c751e8b465ee728b)  -> (artifact id: '05d26eb9fbb8a1825dac622b64087f28') in 0.121305 seconds 
  Import took 0.131998 seconds .

========================================================================
Received Import Request.
  Time since last request: 1.842706 seconds.
  path: Assets/xNode/New Dialogue Graph.asset
  artifactKey: Guid(b2c836d47be66fc4a8de4dd81c0dd3c8) Importer(815301076,1909f56bfc062723c751e8b465ee728b)
Start importing Assets/xNode/New Dialogue Graph.asset using Guid(b2c836d47be66fc4a8de4dd81c0dd3c8) Importer(815301076,1909f56bfc062723c751e8b465ee728b)  -> (artifact id: '2facc9a02adf3ca1c198ffb1885b72cc') in 0.070055 seconds 
  Import took 0.119585 seconds .

========================================================================
Received Import Request.
  Time since last request: 4.778481 seconds.
  path: Assets/xNode/New Dialogue Graph.asset
  artifactKey: Guid(b2c836d47be66fc4a8de4dd81c0dd3c8) Importer(815301076,1909f56bfc062723c751e8b465ee728b)
Start importing Assets/xNode/New Dialogue Graph.asset using Guid(b2c836d47be66fc4a8de4dd81c0dd3c8) Importer(815301076,1909f56bfc062723c751e8b465ee728b)  -> (artifact id: 'ae1dfc51e5a3623aabc793b8ce7f02ee') in 0.022970 seconds 
  Import took 0.042135 seconds .

========================================================================
Received Import Request.
  Time since last request: 19.645128 seconds.
  path: Assets/xNode/New Dialogue Graph.asset
  artifactKey: Guid(b2c836d47be66fc4a8de4dd81c0dd3c8) Importer(815301076,1909f56bfc062723c751e8b465ee728b)
Start importing Assets/xNode/New Dialogue Graph.asset using Guid(b2c836d47be66fc4a8de4dd81c0dd3c8) Importer(815301076,1909f56bfc062723c751e8b465ee728b)  -> (artifact id: '508fb2c5a35b0ccd29b703d37769fcf1') in 0.017330 seconds 
  Import took 0.030082 seconds .

========================================================================
Received Import Request.
  Time since last request: 2.632168 seconds.
  path: Assets/xNode/New Dialogue Graph.asset
  artifactKey: Guid(b2c836d47be66fc4a8de4dd81c0dd3c8) Importer(815301076,1909f56bfc062723c751e8b465ee728b)
Start importing Assets/xNode/New Dialogue Graph.asset using Guid(b2c836d47be66fc4a8de4dd81c0dd3c8) Importer(815301076,1909f56bfc062723c751e8b465ee728b)  -> (artifact id: '90283d3eb77ccbd62a457015203d6a98') in 0.011324 seconds 
  Import took 0.034144 seconds .

========================================================================
Received Import Request.
  Time since last request: 14.858757 seconds.
  path: Assets/xNode/New Dialogue Graph.asset
  artifactKey: Guid(b2c836d47be66fc4a8de4dd81c0dd3c8) Importer(815301076,1909f56bfc062723c751e8b465ee728b)
Start importing Assets/xNode/New Dialogue Graph.asset using Guid(b2c836d47be66fc4a8de4dd81c0dd3c8) Importer(815301076,1909f56bfc062723c751e8b465ee728b)  -> (artifact id: 'a2cc48f869a5682cc2e6317ad9625cd8') in 0.016749 seconds 
  Import took 0.034301 seconds .

========================================================================
Received Import Request.
  Time since last request: 177.134953 seconds.
  path: Assets/Sprites
  artifactKey: Guid(fb02ad1064c4f3f4482397d3b4f5e797) Importer(815301076,1909f56bfc062723c751e8b465ee728b)
Start importing Assets/Sprites using Guid(fb02ad1064c4f3f4482397d3b4f5e797) Importer(815301076,1909f56bfc062723c751e8b465ee728b)  -> (artifact id: '02c440c1e94f09390408333b0734e659') in 0.021737 seconds 
  Import took 0.033821 seconds .

========================================================================
Received Import Request.
  Time since last request: 17.289402 seconds.
  path: Assets/Sprites/avatar1.jpg
  artifactKey: Guid(ce5e48fafc3b95d4f9652ec96355e8b8) Importer(815301076,1909f56bfc062723c751e8b465ee728b)
Start importing Assets/Sprites/avatar1.jpg using Guid(ce5e48fafc3b95d4f9652ec96355e8b8) Importer(815301076,1909f56bfc062723c751e8b465ee728b)  -> (artifact id: '361a65fea4b61e1b2633d3e20ff88c87') in 0.342636 seconds 
  Import took 0.362340 seconds .

========================================================================
Received Import Request.
  Time since last request: 0.000348 seconds.
  path: Assets/Sprites/avatar2.jpg
  artifactKey: Guid(e71f8f6a749e7c3428a8f47a486da7a0) Importer(815301076,1909f56bfc062723c751e8b465ee728b)
Start importing Assets/Sprites/avatar2.jpg using Guid(e71f8f6a749e7c3428a8f47a486da7a0) Importer(815301076,1909f56bfc062723c751e8b465ee728b)  -> (artifact id: '90889f7acc3405b470bb2d28e879a240') in 0.056740 seconds 
  Import took 0.078657 seconds .

========================================================================
Received Import Request.
  Time since last request: 0.000304 seconds.
  path: Assets/Sprites/avatar4.jpg
  artifactKey: Guid(3b1340d9bb1e61743892d067e4abafa0) Importer(815301076,1909f56bfc062723c751e8b465ee728b)
Start importing Assets/Sprites/avatar4.jpg using Guid(3b1340d9bb1e61743892d067e4abafa0) Importer(815301076,1909f56bfc062723c751e8b465ee728b)  -> (artifact id: 'a090cb6125d119be0786bbef9edd182e') in 0.054517 seconds 
  Import took 0.066954 seconds .

========================================================================
Received Import Request.
  Time since last request: 0.000391 seconds.
  path: Assets/Sprites/avatar3.jpg
  artifactKey: Guid(4ccabfbeee1b2b141a0f8690764ccf35) Importer(815301076,1909f56bfc062723c751e8b465ee728b)
Start importing Assets/Sprites/avatar3.jpg using Guid(4ccabfbeee1b2b141a0f8690764ccf35) Importer(815301076,1909f56bfc062723c751e8b465ee728b)  -> (artifact id: '3152820020724173ea0ecdb2b6728aba') in 0.065418 seconds 
  Import took 0.075646 seconds .

========================================================================
Received Import Request.
  Time since last request: 5.524625 seconds.
  path: Assets/xNode/New Dialogue Graph.asset
  artifactKey: Guid(b2c836d47be66fc4a8de4dd81c0dd3c8) Importer(815301076,1909f56bfc062723c751e8b465ee728b)
Start importing Assets/xNode/New Dialogue Graph.asset using Guid(b2c836d47be66fc4a8de4dd81c0dd3c8) Importer(815301076,1909f56bfc062723c751e8b465ee728b)  -> (artifact id: '73730e5298063137a83bd9dcc0d3a5a3') in 0.090416 seconds 
  Import took 0.121594 seconds .

========================================================================
Received Import Request.
  Time since last request: 0.702532 seconds.
  path: Assets/xNode/New Dialogue Graph.asset
  artifactKey: Guid(b2c836d47be66fc4a8de4dd81c0dd3c8) Importer(815301076,1909f56bfc062723c751e8b465ee728b)
Start importing Assets/xNode/New Dialogue Graph.asset using Guid(b2c836d47be66fc4a8de4dd81c0dd3c8) Importer(815301076,1909f56bfc062723c751e8b465ee728b)  -> (artifact id: '8ca131c010eee932c9640611f247b987') in 0.053062 seconds 
  Import took 0.086669 seconds .

========================================================================
Received Import Request.
  Time since last request: 2.275899 seconds.
  path: Assets/xNode/New Dialogue Graph.asset
  artifactKey: Guid(b2c836d47be66fc4a8de4dd81c0dd3c8) Importer(815301076,1909f56bfc062723c751e8b465ee728b)
Start importing Assets/xNode/New Dialogue Graph.asset using Guid(b2c836d47be66fc4a8de4dd81c0dd3c8) Importer(815301076,1909f56bfc062723c751e8b465ee728b)  -> (artifact id: 'dad6384d0f39a87e993369f1cf85d77d') in 0.018802 seconds 
  Import took 0.043698 seconds .

========================================================================
Received Import Request.
  Time since last request: 2.895180 seconds.
  path: Assets/xNode/New Dialogue Graph.asset
  artifactKey: Guid(b2c836d47be66fc4a8de4dd81c0dd3c8) Importer(815301076,1909f56bfc062723c751e8b465ee728b)
Start importing Assets/xNode/New Dialogue Graph.asset using Guid(b2c836d47be66fc4a8de4dd81c0dd3c8) Importer(815301076,1909f56bfc062723c751e8b465ee728b)  -> (artifact id: '16d08b2f522396305e846e13ae4b9e2c') in 0.008646 seconds 
  Import took 0.019843 seconds .

========================================================================
Received Import Request.
  Time since last request: 38.847366 seconds.
  path: Assets/xNode/New Dialogue Graph.asset
  artifactKey: Guid(b2c836d47be66fc4a8de4dd81c0dd3c8) Importer(815301076,1909f56bfc062723c751e8b465ee728b)
Start importing Assets/xNode/New Dialogue Graph.asset using Guid(b2c836d47be66fc4a8de4dd81c0dd3c8) Importer(815301076,1909f56bfc062723c751e8b465ee728b)  -> (artifact id: 'e0d781ffefc534761e72f4d361e8f0a3') in 0.028099 seconds 
  Import took 0.062034 seconds .

========================================================================
Received Import Request.
  Time since last request: 114.628167 seconds.
  path: Assets/Story
  artifactKey: Guid(f4b3ba3f73ac38e4b990eb07f0cf9272) Importer(815301076,1909f56bfc062723c751e8b465ee728b)
Start importing Assets/Story using Guid(f4b3ba3f73ac38e4b990eb07f0cf9272) Importer(815301076,1909f56bfc062723c751e8b465ee728b)  -> (artifact id: 'fdb09901a5b5196a95dd754653bbec7c') in 0.012198 seconds 
  Import took 0.029155 seconds .

========================================================================
Received Import Request.
  Time since last request: 17.212714 seconds.
  path: Assets/Story/DialogueGraph.asset
  artifactKey: Guid(b2c836d47be66fc4a8de4dd81c0dd3c8) Importer(815301076,1909f56bfc062723c751e8b465ee728b)
Start importing Assets/Story/DialogueGraph.asset using Guid(b2c836d47be66fc4a8de4dd81c0dd3c8) Importer(815301076,1909f56bfc062723c751e8b465ee728b)  -> (artifact id: '53ef9e748d5f80d97fd28d02fcec3d48') in 0.085762 seconds 
  Import took 0.108501 seconds .

AssetImportWorkerClient::OnTransportError - code=2 error=End of file
