
=== Sat Feb 19 20:36:15 2022

Packages were changed.
Update Mode: updateDependencies

The following packages were updated:
  com.unity.2d.animation from version 5.0.6 to 5.0.10
  com.unity.2d.psdimporter from version 4.1.0 to 4.1.3
  com.unity.2d.spriteshape from version 5.1.4 to 5.1.7
  com.unity.collab-proxy from version 1.9.0 to 1.15.7
  com.unity.ide.visualstudio from version 2.0.11 to 2.0.12
  com.unity.inputsystem from version 1.0.2 to 1.2.0

=== Sat Mar  5 13:08:22 2022

Packages were changed.
Update Mode: updateDependencies

The following packages were updated:
  com.unity.2d.animation from version 5.0.10 to 7.0.3
  com.unity.2d.pixel-perfect from version 4.0.1 to 5.0.1
  com.unity.2d.psdimporter from version 4.1.3 to 6.0.2
  com.unity.2d.spriteshape from version 5.1.7 to 7.0.3
  com.unity.collab-proxy from version 1.15.7 to 1.15.12
  com.unity.ide.rider from version 2.0.7 to 3.0.12
  com.unity.ide.visualstudio from version 2.0.12 to 2.0.14
  com.unity.ide.vscode from version 1.2.4 to 1.2.5
  com.unity.inputsystem from version 1.2.0 to 1.3.0
  com.unity.timeline from version 1.4.8 to 1.6.4
